<?xml version="1.0" encoding="UTF-8"?>
<!-- Generated by org.testng.reporters.JUnitXMLReporter -->
<testsuite hostname="Hello" name="SuiteOneCaseOne" tests="2" failures="1" timestamp="13 Sep 2015 15:02:30 GMT" time="27.796" errors="0">
  <testcase name="SuiteOneCaseOneTest" time="27.024" classname="com.stta.SuiteOne.SuiteOneCaseOne">
    <failure type="java.lang.AssertionError" message="The following asserts failed:
ActualResult Value 21 And ExpectedResult Value 22 Not Match">
      <![CDATA[java.lang.AssertionError: The following asserts failed:
ActualResult Value 21 And ExpectedResult Value 22 Not Match
	at com.stta.SuiteOne.SuiteOneCaseOne.SuiteOneCaseOneTest(SuiteOneCaseOne.java:126)
... Removed 26 stack frames]]>
    </failure>
  </testcase> <!-- SuiteOneCaseOneTest -->
  <testcase name="SuiteOneCaseOneTest" time="0.009" classname="com.stta.SuiteOne.SuiteOneCaseOne">
    <skipped/>
  </testcase> <!-- SuiteOneCaseOneTest -->
</testsuite> <!-- SuiteOneCaseOne -->
